<?xml version="1.0" encoding="UTF-8"?>
<!-- Generated by org.testng.reporters.JUnitReportReporter -->
<testsuite hostname="LTIN509473" failures="0" tests="1" name="NewTestNG" time="10.055" errors="0" timestamp="2024-10-18T23:03:11 IST" skipped="0">
  <testcase classname="NewTestNG" name="verifyTitle" time="10.055"/>
  <system-out/>
</testsuite> <!-- NewTestNG -->
