<?xml version="1.0" encoding="UTF-8"?>
<!-- Generated by org.testng.reporters.JUnitReportReporter -->
<testsuite hostname="LTIN509473" failures="0" tests="1" name="ReadDataFromExcel.NewTest" time="9.514" errors="0" timestamp="2024-10-19T00:04:03 IST" skipped="0">
  <testcase classname="ReadDataFromExcel.NewTest" name="testUsingExcelData" time="9.514"/>
  <system-out/>
</testsuite> <!-- ReadDataFromExcel.NewTest -->
