<?xml version="1.0" encoding="UTF-8"?>
<!-- Generated by org.testng.reporters.JUnitReportReporter -->
<testsuite hostname="LTIN509473" failures="0" tests="20" name="trivago.HotelBookingDetails" time="59.569" errors="0" timestamp="2024-10-24T15:45:19 IST" skipped="0">
  <testcase classname="trivago.HotelBookingDetails" name="verifyTitle" time="0.017"/>
  <system-out/>
  <testcase classname="trivago.HotelBookingDetails" name="capturePage" time="0.197"/>
  <system-out/>
  <testcase classname="trivago.HotelBookingDetails" name="verifyTitle" time="0.018"/>
  <system-out/>
  <testcase classname="trivago.HotelBookingDetails" name="capturePage" time="0.277"/>
  <system-out/>
  <testcase classname="trivago.HotelBookingDetails" name="testUsingExcelData" time="4.336"/>
  <system-out/>
  <testcase classname="trivago.HotelBookingDetails" name="testUsingExcelData" time="5.295"/>
  <system-out/>
  <testcase classname="trivago.HotelBookingDetails" name="scrollByPixels" time="2.032"/>
  <system-out/>
  <testcase classname="trivago.HotelBookingDetails" name="scrollByPixels" time="2.019"/>
  <system-out/>
  <testcase classname="trivago.HotelBookingDetails" name="selectDate" time="4.235"/>
  <system-out/>
  <testcase classname="trivago.HotelBookingDetails" name="selectDate" time="4.193"/>
  <system-out/>
  <testcase classname="trivago.HotelBookingDetails" name="selectGuests" time="4.235"/>
  <system-out/>
  <testcase classname="trivago.HotelBookingDetails" name="selectGuests" time="4.259"/>
  <system-out/>
  <testcase classname="trivago.HotelBookingDetails" name="searchHotels" time="5.699"/>
  <system-out/>
  <testcase classname="trivago.HotelBookingDetails" name="searchHotels" time="5.922"/>
  <system-out/>
  <testcase classname="trivago.HotelBookingDetails" name="sortHotelsByRating" time="2.218"/>
  <system-out/>
  <testcase classname="trivago.HotelBookingDetails" name="sortHotelsByRating" time="2.159"/>
  <system-out/>
  <testcase classname="trivago.HotelBookingDetails" name="testScrollByPixels" time="6.041"/>
  <system-out/>
  <testcase classname="trivago.HotelBookingDetails" name="testScrollByPixels" time="6.038"/>
  <system-out/>
  <testcase classname="trivago.HotelBookingDetails" name="verifyHotelNamesAndPrices" time="0.121"/>
  <system-out/>
  <testcase classname="trivago.HotelBookingDetails" name="verifyHotelNamesAndPrices" time="0.258"/>
  <system-out/>
</testsuite> <!-- trivago.HotelBookingDetails -->
